<?xml version="1.0" encoding="UTF-8"?>
<!-- Generated by org.testng.reporters.JUnitReportReporter -->
<testsuite hostname="AIS-BOM-DEV-10" failures="0" tests="1" name="Org.Amsys.Admin_Login" time="13.849" errors="0" timestamp="2022-09-17T22:52:36 IST" skipped="0">
  <testcase classname="Org.Amsys.Admin_Login" name="Validlogin" time="13.849"/>
  <system-out/>
</testsuite> <!-- Org.Amsys.Admin_Login -->
